<?xml version="1.0" encoding="UTF-8"?>
<coverage generated="1523948771689" clover="3.2.0">
  <project timestamp="1523948771690" name="All files">
    <metrics statements="16" coveredstatements="14" conditionals="9" coveredconditionals="9" methods="5" coveredmethods="3" elements="30" coveredelements="26" complexity="0" loc="16" ncloc="16" packages="2" files="2" classes="2">
      <package name="src">
        <metrics statements="4" coveredstatements="4" conditionals="0" coveredconditionals="0" methods="1" coveredmethods="1"/>
        <file name="setupTests.ts" path="/Users/nyan/Code/Pomelook/src/setupTests.ts">
          <metrics statements="4" coveredstatements="4" conditionals="0" coveredconditionals="0" methods="1" coveredmethods="1"/>
          <line num="1" count="1" type="stmt"/>
          <line num="2" count="1" type="stmt"/>
          <line num="4" count="1" type="stmt"/>
          <line num="7" count="4" type="stmt"/>
        </file>
      </package>
      <package name="src.Components">
        <metrics statements="12" coveredstatements="10" conditionals="9" coveredconditionals="9" methods="4" coveredmethods="2"/>
        <file name="Hello.tsx" path="/Users/nyan/Code/Pomelook/src/Components/Hello.tsx">
          <metrics statements="12" coveredstatements="10" conditionals="9" coveredconditionals="9" methods="4" coveredmethods="2"/>
          <line num="1" count="1" type="stmt"/>
          <line num="2" count="1" type="stmt"/>
          <line num="11" count="1" type="stmt"/>
          <line num="17" count="2" type="cond" truecount="2" falsecount="0"/>
          <line num="18" count="1" type="stmt"/>
          <line num="21" count="1" type="stmt"/>
          <line num="30" count="0" type="cond" truecount="2" falsecount="0"/>
          <line num="38" count="0" type="cond" truecount="2" falsecount="0"/>
          <line num="48" count="1" type="stmt"/>
          <line num="50" count="1" type="stmt"/>
          <line num="71" count="1" type="stmt"/>
          <line num="72" count="1" type="stmt"/>
        </file>
      </package>
    </metrics>
  </project>
</coverage>
