{"/Users/nyan/Code/Pomelook/src/setupTests.ts": {"path":"/Users/nyan/Code/Pomelook/src/setupTests.ts","statementMap":{"0":{"start":{"line":1,"column":0},"end":{"line":1,"column":34}},"1":{"start":{"line":2,"column":0},"end":{"line":2,"column":50}},"2":{"start":{"line":4,"column":0},"end":{"line":4,"column":38}},"3":{"start":{"line":7,"column":0},"end":{"line":7,"column":27}},"4":{"start":{"line":7,"column":22},"end":{"line":7,"column":26}}},"fnMap":{"0":{"name":"(anonymous_0)","decl":{"start":{"line":7,"column":16},"end":{"line":7,"column":18}},"loc":{"start":{"line":7,"column":22},"end":{"line":7,"column":26}}}},"branchMap":{},"s":{"0":1,"1":1,"2":1,"3":1,"4":4},"f":{"0":4},"b":{}}
,"/Users/nyan/Code/Pomelook/src/Components/Hello.tsx": {"path":"/Users/nyan/Code/Pomelook/src/Components/Hello.tsx","statementMap":{"0":{"start":{"line":1,"column":0},"end":{"line":1,"column":30}},"1":{"start":{"line":2,"column":0},"end":{"line":2,"column":61}},"2":{"start":{"line":11,"column":14},"end":{"line":46,"column":1}},"3":{"start":{"line":17,"column":2},"end":{"line":19,"column":3}},"4":{"start":{"line":18,"column":4},"end":{"line":18,"column":67}},"5":{"start":{"line":21,"column":2},"end":{"line":45,"column":4}},"6":{"start":{"line":30,"column":43},"end":{"line":30,"column":47}},"7":{"start":{"line":38,"column":43},"end":{"line":38,"column":47}},"8":{"start":{"line":48,"column":0},"end":{"line":48,"column":21}},"9":{"start":{"line":50,"column":15},"end":{"line":69,"column":2}},"10":{"start":{"line":71,"column":28},"end":{"line":72,"column":48}},"11":{"start":{"line":72,"column":2},"end":{"line":72,"column":48}}},"fnMap":{"0":{"name":"(anonymous_0)","decl":{"start":{"line":11,"column":14},"end":{"line":11,"column":15}},"loc":{"start":{"line":16,"column":13},"end":{"line":46,"column":1}}},"1":{"name":"(anonymous_1)","decl":{"start":{"line":30,"column":37},"end":{"line":30,"column":39}},"loc":{"start":{"line":30,"column":43},"end":{"line":30,"column":47}}},"2":{"name":"(anonymous_2)","decl":{"start":{"line":38,"column":37},"end":{"line":38,"column":39}},"loc":{"start":{"line":38,"column":43},"end":{"line":38,"column":47}}},"3":{"name":"(anonymous_3)","decl":{"start":{"line":71,"column":28},"end":{"line":71,"column":29}},"loc":{"start":{"line":72,"column":2},"end":{"line":72,"column":48}}}},"branchMap":{"0":{"loc":{"start":{"line":13,"column":20},"end":{"line":13,"column":21}},"type":"default-arg","locations":[{"start":{"line":13,"column":20},"end":{"line":13,"column":21}}]},"1":{"loc":{"start":{"line":14,"column":16},"end":{"line":14,"column":20}},"type":"default-arg","locations":[{"start":{"line":14,"column":16},"end":{"line":14,"column":20}}]},"2":{"loc":{"start":{"line":15,"column":16},"end":{"line":15,"column":20}},"type":"default-arg","locations":[{"start":{"line":15,"column":16},"end":{"line":15,"column":20}}]},"3":{"loc":{"start":{"line":17,"column":2},"end":{"line":19,"column":3}},"type":"if","locations":[{"start":{"line":17,"column":2},"end":{"line":19,"column":3}},{"start":{"line":17,"column":2},"end":{"line":19,"column":3}}]},"4":{"loc":{"start":{"line":30,"column":21},"end":{"line":30,"column":32}},"type":"binary-expr","locations":[{"start":{"line":30,"column":21},"end":{"line":30,"column":32}},{"start":{"line":30,"column":37},"end":{"line":30,"column":47}}]},"5":{"loc":{"start":{"line":38,"column":21},"end":{"line":38,"column":32}},"type":"binary-expr","locations":[{"start":{"line":38,"column":21},"end":{"line":38,"column":32}},{"start":{"line":38,"column":37},"end":{"line":38,"column":47}}]}},"s":{"0":1,"1":1,"2":1,"3":2,"4":1,"5":1,"6":0,"7":0,"8":1,"9":1,"10":1,"11":1},"f":{"0":2,"1":0,"2":0,"3":1},"b":{"0":[1],"1":[2],"2":[2],"3":[1,1],"4":[1,1],"5":[1,1]}}
}
