TN:
SF:/Users/nyan/Code/Pomelook/src/setupTests.ts
FN:7,(anonymous_0)
FNF:1
FNH:1
FNDA:4,(anonymous_0)
DA:1,1
DA:2,1
DA:4,1
DA:7,4
LF:4
LH:4
BRF:0
BRH:0
end_of_record
TN:
SF:/Users/nyan/Code/Pomelook/src/Components/Hello.tsx
FN:11,(anonymous_0)
FN:30,(anonymous_1)
FN:38,(anonymous_2)
FN:71,(anonymous_3)
FNF:4
FNH:2
FNDA:2,(anonymous_0)
FNDA:0,(anonymous_1)
FNDA:0,(anonymous_2)
FNDA:1,(anonymous_3)
DA:1,1
DA:2,1
DA:11,1
DA:17,2
DA:18,1
DA:21,1
DA:30,0
DA:38,0
DA:48,1
DA:50,1
DA:71,1
DA:72,1
LF:12
LH:10
BRDA:13,0,0,1
BRDA:14,1,0,2
BRDA:15,2,0,2
BRDA:17,3,0,1
BRDA:17,3,1,1
BRDA:30,4,0,1
BRDA:30,4,1,1
BRDA:38,5,0,1
BRDA:38,5,1,1
BRF:9
BRH:9
end_of_record
